<?xml version="1.0" encoding="UTF-8"?>
<testsuite name="com.ciberGFS.calculatorGFS.CalculatorApplicationTests" tests="2" skipped="0" failures="0" errors="0" timestamp="2026-05-14T14:18:11.039Z" hostname="UBUNTUDSK24" time="6.896">
  <properties/>
  <testcase name="testSum()" classname="com.ciberGFS.calculatorGFS.CalculatorApplicationTests" time="1.557"/>
  <testcase name="contextLoads()" classname="com.ciberGFS.calculatorGFS.CalculatorApplicationTests" time="0.011"/>
  <system-out><![CDATA[16:18:11.700 [Test worker] INFO org.springframework.test.context.support.AnnotationConfigContextLoaderUtils -- Could not detect default configuration classes for test class [com.ciberGFS.calculatorGFS.CalculatorApplicationTests]: CalculatorApplicationTests does not declare any static, non-private, non-final, nested classes annotated with @Configuration.
16:18:12.028 [Test worker] INFO org.springframework.boot.test.context.SpringBootTestContextBootstrapper -- Found @SpringBootConfiguration com.ciberGFS.calculatorGFS.CalculatorGfsApplication for test class com.ciberGFS.calculatorGFS.CalculatorApplicationTests
16:18:12.362 [Test worker] INFO org.springframework.test.context.support.AnnotationConfigContextLoaderUtils -- Could not detect default configuration classes for test class [com.ciberGFS.calculatorGFS.CalculatorApplicationTests]: CalculatorApplicationTests does not declare any static, non-private, non-final, nested classes annotated with @Configuration.
16:18:12.376 [Test worker] INFO org.springframework.boot.test.context.SpringBootTestContextBootstrapper -- Found @SpringBootConfiguration com.ciberGFS.calculatorGFS.CalculatorGfsApplication for test class com.ciberGFS.calculatorGFS.CalculatorApplicationTests

  .   ____          _            __ _ _
 /\\ / ___'_ __ _ _(_)_ __  __ _ \ \ \ \
( ( )\___ | '_ | '_| | '_ \/ _` | \ \ \ \
 \\/  ___)| |_)| | | | | || (_| |  ) ) ) )
  '  |____| .__|_| |_|_| |_\__, | / / / /
 =========|_|==============|___/=/_/_/_/

 :: Spring Boot ::                (v4.0.6)

2026-05-14T16:18:13.346+02:00  INFO 5955 --- [calculatorGFS] [    Test worker] c.c.c.CalculatorApplicationTests         : Starting CalculatorApplicationTests using Java 21.0.10 with PID 5955 (started by administrador in /home/administrador/calculatorGFS)
2026-05-14T16:18:13.351+02:00  INFO 5955 --- [calculatorGFS] [    Test worker] c.c.c.CalculatorApplicationTests         : No active profile set, falling back to 1 default profile: "default"
2026-05-14T16:18:16.319+02:00  INFO 5955 --- [calculatorGFS] [    Test worker] c.c.c.CalculatorApplicationTests         : Started CalculatorApplicationTests in 3.691 seconds (process running for 7.945)
]]></system-out>
  <system-err><![CDATA[Mockito is currently self-attaching to enable the inline-mock-maker. This will no longer work in future releases of the JDK. Please add Mockito as an agent to your build as described in Mockito's documentation: https://javadoc.io/doc/org.mockito/mockito-core/latest/org.mockito/org/mockito/Mockito.html#0.3
WARNING: A Java agent has been loaded dynamically (/home/administrador/.gradle/caches/modules-2/files-2.1/net.bytebuddy/byte-buddy-agent/1.17.8/f09415827a71be7ed621c7bd02550678f28bc81c/byte-buddy-agent-1.17.8.jar)
WARNING: If a serviceability tool is in use, please run with -XX:+EnableDynamicAgentLoading to hide this warning
WARNING: If a serviceability tool is not in use, please run with -Djdk.instrument.traceUsage for more information
WARNING: Dynamic loading of agents will be disallowed by default in a future release
]]></system-err>
</testsuite>
